0 info it worked if it ends with ok
1 verbose cli [ 'C:\\Program Files\\nodejs\\\\node.exe',
1 verbose cli   'C:\\Program Files\\nodejs\\node_modules\\npm\\bin\\npm-cli.js',
1 verbose cli   'install' ]
2 info using npm@1.4.28
3 info using node@v0.10.33
4 verbose node symlink C:\Program Files\nodejs\\node.exe
5 verbose readDependencies using package.json deps
6 verbose install where, deps [ 'D:\\Git_Repo\\Daisy',
6 verbose install   [ 'express', 'ejs', 'underscore', 'path' ] ]
7 info preinstall Daisy@0.0.1
8 verbose readDependencies using package.json deps
9 verbose cache add [ 'express@^4.12.2', null ]
10 verbose cache add name=undefined spec="express@^4.12.2" args=["express@^4.12.2",null]
11 verbose parsed url { protocol: null,
11 verbose parsed url   slashes: null,
11 verbose parsed url   auth: null,
11 verbose parsed url   host: null,
11 verbose parsed url   port: null,
11 verbose parsed url   hostname: null,
11 verbose parsed url   hash: null,
11 verbose parsed url   search: null,
11 verbose parsed url   query: null,
11 verbose parsed url   pathname: 'express@^4.12.2',
11 verbose parsed url   path: 'express@^4.12.2',
11 verbose parsed url   href: 'express@^4.12.2' }
12 verbose cache add [ 'ejs@^2.2.4', null ]
13 verbose cache add name=undefined spec="ejs@^2.2.4" args=["ejs@^2.2.4",null]
14 verbose parsed url { protocol: null,
14 verbose parsed url   slashes: null,
14 verbose parsed url   auth: null,
14 verbose parsed url   host: null,
14 verbose parsed url   port: null,
14 verbose parsed url   hostname: null,
14 verbose parsed url   hash: null,
14 verbose parsed url   search: null,
14 verbose parsed url   query: null,
14 verbose parsed url   pathname: 'ejs@^2.2.4',
14 verbose parsed url   path: 'ejs@^2.2.4',
14 verbose parsed url   href: 'ejs@^2.2.4' }
15 verbose cache add [ 'underscore@1.6.0', null ]
16 verbose cache add name=undefined spec="underscore@1.6.0" args=["underscore@1.6.0",null]
17 verbose parsed url { protocol: null,
17 verbose parsed url   slashes: null,
17 verbose parsed url   auth: null,
17 verbose parsed url   host: null,
17 verbose parsed url   port: null,
17 verbose parsed url   hostname: null,
17 verbose parsed url   hash: null,
17 verbose parsed url   search: null,
17 verbose parsed url   query: null,
17 verbose parsed url   pathname: 'underscore@1.6.0',
17 verbose parsed url   path: 'underscore@1.6.0',
17 verbose parsed url   href: 'underscore@1.6.0' }
18 verbose cache add [ 'path@^3.0.0', null ]
19 verbose cache add name=undefined spec="path@^3.0.0" args=["path@^3.0.0",null]
20 verbose parsed url { protocol: null,
20 verbose parsed url   slashes: null,
20 verbose parsed url   auth: null,
20 verbose parsed url   host: null,
20 verbose parsed url   port: null,
20 verbose parsed url   hostname: null,
20 verbose parsed url   hash: null,
20 verbose parsed url   search: null,
20 verbose parsed url   query: null,
20 verbose parsed url   pathname: 'path@^3.0.0',
20 verbose parsed url   path: 'path@^3.0.0',
20 verbose parsed url   href: 'path@^3.0.0' }
21 verbose cache add name="express" spec="^4.12.2" args=["express","^4.12.2"]
22 verbose parsed url { protocol: null,
22 verbose parsed url   slashes: null,
22 verbose parsed url   auth: null,
22 verbose parsed url   host: null,
22 verbose parsed url   port: null,
22 verbose parsed url   hostname: null,
22 verbose parsed url   hash: null,
22 verbose parsed url   search: null,
22 verbose parsed url   query: null,
22 verbose parsed url   pathname: '^4.12.2',
22 verbose parsed url   path: '^4.12.2',
22 verbose parsed url   href: '^4.12.2' }
23 verbose addNamed [ 'express', '^4.12.2' ]
24 verbose addNamed [ null, '>=4.12.2-0 <5.0.0-0' ]
25 verbose cache add name="ejs" spec="^2.2.4" args=["ejs","^2.2.4"]
26 verbose parsed url { protocol: null,
26 verbose parsed url   slashes: null,
26 verbose parsed url   auth: null,
26 verbose parsed url   host: null,
26 verbose parsed url   port: null,
26 verbose parsed url   hostname: null,
26 verbose parsed url   hash: null,
26 verbose parsed url   search: null,
26 verbose parsed url   query: null,
26 verbose parsed url   pathname: '^2.2.4',
26 verbose parsed url   path: '^2.2.4',
26 verbose parsed url   href: '^2.2.4' }
27 verbose addNamed [ 'ejs', '^2.2.4' ]
28 verbose addNamed [ null, '>=2.2.4-0 <3.0.0-0' ]
29 verbose cache add name="underscore" spec="1.6.0" args=["underscore","1.6.0"]
30 verbose parsed url { protocol: null,
30 verbose parsed url   slashes: null,
30 verbose parsed url   auth: null,
30 verbose parsed url   host: null,
30 verbose parsed url   port: null,
30 verbose parsed url   hostname: null,
30 verbose parsed url   hash: null,
30 verbose parsed url   search: null,
30 verbose parsed url   query: null,
30 verbose parsed url   pathname: '1.6.0',
30 verbose parsed url   path: '1.6.0',
30 verbose parsed url   href: '1.6.0' }
31 verbose addNamed [ 'underscore', '1.6.0' ]
32 verbose addNamed [ '1.6.0', '1.6.0' ]
33 verbose cache add name="path" spec="^3.0.0" args=["path","^3.0.0"]
34 verbose parsed url { protocol: null,
34 verbose parsed url   slashes: null,
34 verbose parsed url   auth: null,
34 verbose parsed url   host: null,
34 verbose parsed url   port: null,
34 verbose parsed url   hostname: null,
34 verbose parsed url   hash: null,
34 verbose parsed url   search: null,
34 verbose parsed url   query: null,
34 verbose parsed url   pathname: '^3.0.0',
34 verbose parsed url   path: '^3.0.0',
34 verbose parsed url   href: '^3.0.0' }
35 verbose addNamed [ 'path', '^3.0.0' ]
36 verbose addNamed [ null, '>=3.0.0-0 <4.0.0-0' ]
37 silly lockFile 4a9dd575-express-4-12-2 express@^4.12.2
38 verbose lock express@^4.12.2 C:\Users\5013504896\AppData\Roaming\npm-cache\4a9dd575-express-4-12-2.lock
39 silly lockFile d1d7d875-ejs-2-2-4 ejs@^2.2.4
40 verbose lock ejs@^2.2.4 C:\Users\5013504896\AppData\Roaming\npm-cache\d1d7d875-ejs-2-2-4.lock
41 silly lockFile 96960ed1-underscore-1-6-0 underscore@1.6.0
42 verbose lock underscore@1.6.0 C:\Users\5013504896\AppData\Roaming\npm-cache\96960ed1-underscore-1-6-0.lock
43 silly lockFile da06e614-path-3-0-0 path@^3.0.0
44 verbose lock path@^3.0.0 C:\Users\5013504896\AppData\Roaming\npm-cache\da06e614-path-3-0-0.lock
45 silly addNameRange { name: 'ejs', range: '>=2.2.4-0 <3.0.0-0', hasData: false }
46 silly addNameRange { name: 'express', range: '>=4.12.2-0 <5.0.0-0', hasData: false }
47 silly addNameRange { name: 'path', range: '>=3.0.0-0 <4.0.0-0', hasData: false }
48 verbose request where is /underscore
49 verbose request registry https://registry.npmjs.org/
50 verbose request id 03bc88688eb489fc
51 verbose url raw /underscore
52 verbose url resolving [ 'https://registry.npmjs.org/', './underscore' ]
53 verbose url resolved https://registry.npmjs.org/underscore
54 verbose request where is https://registry.npmjs.org/underscore
55 info trying registry request attempt 1 at 17:48:37
56 verbose etag "71LQKKKGYLRR63UNB86N9ILLN"
57 http GET https://registry.npmjs.org/underscore
58 verbose request where is /ejs
59 verbose request registry https://registry.npmjs.org/
60 verbose url raw /ejs
61 verbose url resolving [ 'https://registry.npmjs.org/', './ejs' ]
62 verbose url resolved https://registry.npmjs.org/ejs
63 verbose request where is https://registry.npmjs.org/ejs
64 info trying registry request attempt 1 at 17:48:37
65 verbose etag "6EVNI1TJX24WTMUNWLVUU8HRF"
66 http GET https://registry.npmjs.org/ejs
67 verbose request where is /path
68 verbose request registry https://registry.npmjs.org/
69 verbose url raw /path
70 verbose url resolving [ 'https://registry.npmjs.org/', './path' ]
71 verbose url resolved https://registry.npmjs.org/path
72 verbose request where is https://registry.npmjs.org/path
73 info trying registry request attempt 1 at 17:48:37
74 verbose etag "9MX3KUSEOLTUH3NBYESZX6025"
75 http GET https://registry.npmjs.org/path
76 verbose request where is /express
77 verbose request registry https://registry.npmjs.org/
78 verbose url raw /express
79 verbose url resolving [ 'https://registry.npmjs.org/', './express' ]
80 verbose url resolved https://registry.npmjs.org/express
81 verbose request where is https://registry.npmjs.org/express
82 info trying registry request attempt 1 at 17:48:37
83 verbose etag "E2O17LJNIVFXIB71CEX4U5EBL"
84 http GET https://registry.npmjs.org/express
85 http 304 https://registry.npmjs.org/ejs
86 silly registry.get cb [ 304,
86 silly registry.get   { date: 'Tue, 24 Mar 2015 12:18:38 GMT',
86 silly registry.get     server: 'Apache',
86 silly registry.get     via: '1.1 varnish',
86 silly registry.get     'last-modified': 'Tue, 24 Mar 2015 12:18:38 GMT',
86 silly registry.get     'cache-control': 'max-age=60',
86 silly registry.get     etag: '"6EVNI1TJX24WTMUNWLVUU8HRF"',
86 silly registry.get     age: '2',
86 silly registry.get     'x-served-by': 'cache-lax1420-LAX',
86 silly registry.get     'x-cache': 'HIT',
86 silly registry.get     'x-cache-hits': '1',
86 silly registry.get     'x-timer': 'S1427199518.724737,VS0,VE0',
86 silly registry.get     vary: 'Accept',
86 silly registry.get     'content-length': '0',
86 silly registry.get     'keep-alive': 'timeout=10, max=50',
86 silly registry.get     connection: 'Keep-Alive' } ]
87 verbose etag https://registry.npmjs.org/ejs from cache
88 silly addNameRange number 2 { name: 'ejs', range: '>=2.2.4-0 <3.0.0-0', hasData: true }
89 silly addNameRange versions [ 'ejs',
89 silly addNameRange   [ '0.0.1',
89 silly addNameRange     '0.0.2',
89 silly addNameRange     '0.0.3',
89 silly addNameRange     '0.0.4',
89 silly addNameRange     '0.1.0',
89 silly addNameRange     '0.2.0',
89 silly addNameRange     '0.2.1',
89 silly addNameRange     '0.3.0',
89 silly addNameRange     '0.3.1',
89 silly addNameRange     '0.4.0',
89 silly addNameRange     '0.4.1',
89 silly addNameRange     '0.4.2',
89 silly addNameRange     '0.4.3',
89 silly addNameRange     '0.5.0',
89 silly addNameRange     '0.6.0',
89 silly addNameRange     '0.6.1',
89 silly addNameRange     '0.7.0',
89 silly addNameRange     '0.7.1',
89 silly addNameRange     '0.7.2',
89 silly addNameRange     '0.8.0',
89 silly addNameRange     '0.8.1',
89 silly addNameRange     '0.8.2',
89 silly addNameRange     '0.8.3',
89 silly addNameRange     '0.8.4',
89 silly addNameRange     '0.8.5',
89 silly addNameRange     '0.8.6',
89 silly addNameRange     '0.8.8',
89 silly addNameRange     '1.0.0',
89 silly addNameRange     '2.0.2',
89 silly addNameRange     '2.0.3',
89 silly addNameRange     '2.0.4',
89 silly addNameRange     '2.0.5',
89 silly addNameRange     '2.0.6',
89 silly addNameRange     '2.0.7',
89 silly addNameRange     '2.0.8',
89 silly addNameRange     '2.1.1',
89 silly addNameRange     '2.1.2',
89 silly addNameRange     '2.1.3',
89 silly addNameRange     '2.1.4',
89 silly addNameRange     '2.2.1',
89 silly addNameRange     '2.2.2',
89 silly addNameRange     '2.2.3',
89 silly addNameRange     '2.2.4',
89 silly addNameRange     '2.3.1' ] ]
90 verbose addNamed [ 'ejs', '2.3.1' ]
91 verbose addNamed [ '2.3.1', '2.3.1' ]
92 silly lockFile 823d5f08-ejs-2-3-1 ejs@2.3.1
93 verbose lock ejs@2.3.1 C:\Users\5013504896\AppData\Roaming\npm-cache\823d5f08-ejs-2-3-1.lock
94 http 200 https://registry.npmjs.org/path
95 silly registry.get cb [ 200,
95 silly registry.get   { date: 'Tue, 24 Mar 2015 12:18:38 GMT',
95 silly registry.get     server: 'CouchDB/1.5.0 (Erlang OTP/R16B03)',
95 silly registry.get     etag: '"9CREZ1DZ1BH24YRI092PTGQ9H"',
95 silly registry.get     'content-type': 'application/json',
95 silly registry.get     'cache-control': 'max-age=60',
95 silly registry.get     'content-length': '3965',
95 silly registry.get     'accept-ranges': 'bytes',
95 silly registry.get     via: '1.1 varnish',
95 silly registry.get     age: '0',
95 silly registry.get     'x-served-by': 'cache-lax1435-LAX',
95 silly registry.get     'x-cache': 'HIT',
95 silly registry.get     'x-cache-hits': '1',
95 silly registry.get     'x-timer': 'S1427199518.691837,VS0,VE43',
95 silly registry.get     vary: 'Accept',
95 silly registry.get     'keep-alive': 'timeout=10, max=50',
95 silly registry.get     connection: 'Keep-Alive' } ]
96 silly addNameRange number 2 { name: 'path', range: '>=3.0.0-0 <4.0.0-0', hasData: true }
97 silly addNameRange versions [ 'path', [ '0.4.9', '0.4.10', '0.11.14' ] ]
98 silly lockFile da06e614-path-3-0-0 path@^3.0.0
99 silly lockFile da06e614-path-3-0-0 path@^3.0.0
100 silly lockFile 823d5f08-ejs-2-3-1 ejs@2.3.1
101 silly lockFile 823d5f08-ejs-2-3-1 ejs@2.3.1
102 silly lockFile d1d7d875-ejs-2-2-4 ejs@^2.2.4
103 silly lockFile d1d7d875-ejs-2-2-4 ejs@^2.2.4
104 http 200 https://registry.npmjs.org/underscore
105 silly registry.get cb [ 200,
105 silly registry.get   { date: 'Tue, 24 Mar 2015 12:18:38 GMT',
105 silly registry.get     server: 'CouchDB/1.5.0 (Erlang OTP/R16B03)',
105 silly registry.get     etag: '"7XWFAVIP98M6Z1WWGKZU58013"',
105 silly registry.get     'content-type': 'application/json',
105 silly registry.get     'cache-control': 'max-age=60',
105 silly registry.get     'content-length': '38768',
105 silly registry.get     'accept-ranges': 'bytes',
105 silly registry.get     via: '1.1 varnish',
105 silly registry.get     age: '55',
105 silly registry.get     'x-served-by': 'cache-lax1433-LAX',
105 silly registry.get     'x-cache': 'HIT',
105 silly registry.get     'x-cache-hits': '3',
105 silly registry.get     'x-timer': 'S1427199518.687171,VS0,VE0',
105 silly registry.get     vary: 'Accept',
105 silly registry.get     'keep-alive': 'timeout=10, max=50',
105 silly registry.get     connection: 'Keep-Alive' } ]
106 silly lockFile a02bf4de--underscore-underscore-1-6-0-tgz https://registry.npmjs.org/underscore/-/underscore-1.6.0.tgz
107 verbose lock https://registry.npmjs.org/underscore/-/underscore-1.6.0.tgz C:\Users\5013504896\AppData\Roaming\npm-cache\a02bf4de--underscore-underscore-1-6-0-tgz.lock
108 verbose addRemoteTarball [ 'https://registry.npmjs.org/underscore/-/underscore-1.6.0.tgz',
108 verbose addRemoteTarball   '8b38b10cacdef63337b8b24e4ff86d45aea529a8' ]
109 info retry fetch attempt 1 at 17:48:39
110 verbose fetch to= C:\Users\501350~1\AppData\Local\Temp\npm-26364-w2awz2yc\registry.npmjs.org\underscore\-\underscore-1.6.0.tgz
111 http GET https://registry.npmjs.org/underscore/-/underscore-1.6.0.tgz
112 http 200 https://registry.npmjs.org/underscore/-/underscore-1.6.0.tgz
113 silly lockFile a02bf4de--underscore-underscore-1-6-0-tgz https://registry.npmjs.org/underscore/-/underscore-1.6.0.tgz
114 silly lockFile a02bf4de--underscore-underscore-1-6-0-tgz https://registry.npmjs.org/underscore/-/underscore-1.6.0.tgz
115 silly lockFile 96960ed1-underscore-1-6-0 underscore@1.6.0
116 silly lockFile 96960ed1-underscore-1-6-0 underscore@1.6.0
117 http 200 https://registry.npmjs.org/express
118 silly registry.get cb [ 200,
118 silly registry.get   { date: 'Tue, 24 Mar 2015 12:18:38 GMT',
118 silly registry.get     server: 'CouchDB/1.5.0 (Erlang OTP/R16B03)',
118 silly registry.get     etag: '"28MMDZD9T1AOHDK55J8QL73WJ"',
118 silly registry.get     'content-type': 'application/json',
118 silly registry.get     'cache-control': 'max-age=60',
118 silly registry.get     'content-length': '491696',
118 silly registry.get     'accept-ranges': 'bytes',
118 silly registry.get     via: '1.1 varnish',
118 silly registry.get     age: '55',
118 silly registry.get     'x-served-by': 'cache-lax1430-LAX',
118 silly registry.get     'x-cache': 'HIT',
118 silly registry.get     'x-cache-hits': '2',
118 silly registry.get     'x-timer': 'S1427199518.732379,VS0,VE0',
118 silly registry.get     vary: 'Accept',
118 silly registry.get     'keep-alive': 'timeout=10, max=50',
118 silly registry.get     connection: 'Keep-Alive' } ]
119 silly addNameRange number 2 { name: 'express', range: '>=4.12.2-0 <5.0.0-0', hasData: true }
120 silly addNameRange versions [ 'express',
120 silly addNameRange   [ '0.14.0',
120 silly addNameRange     '0.14.1',
120 silly addNameRange     '1.0.0',
120 silly addNameRange     '1.0.1',
120 silly addNameRange     '1.0.2',
120 silly addNameRange     '1.0.3',
120 silly addNameRange     '1.0.4',
120 silly addNameRange     '1.0.5',
120 silly addNameRange     '1.0.6',
120 silly addNameRange     '1.0.7',
120 silly addNameRange     '1.0.8',
120 silly addNameRange     '2.0.0',
120 silly addNameRange     '2.1.0',
120 silly addNameRange     '2.1.1',
120 silly addNameRange     '2.2.0',
120 silly addNameRange     '2.2.1',
120 silly addNameRange     '2.2.2',
120 silly addNameRange     '2.3.0',
120 silly addNameRange     '2.3.1',
120 silly addNameRange     '2.3.2',
120 silly addNameRange     '2.3.3',
120 silly addNameRange     '2.3.4',
120 silly addNameRange     '2.3.5',
120 silly addNameRange     '2.3.6',
120 silly addNameRange     '2.3.7',
120 silly addNameRange     '2.3.8',
120 silly addNameRange     '2.3.9',
120 silly addNameRange     '2.3.10',
120 silly addNameRange     '2.3.11',
120 silly addNameRange     '2.3.12',
120 silly addNameRange     '2.4.0',
120 silly addNameRange     '2.4.1',
120 silly addNameRange     '2.4.2',
120 silly addNameRange     '2.4.3',
120 silly addNameRange     '2.4.4',
120 silly addNameRange     '2.4.5',
120 silly addNameRange     '2.4.6',
120 silly addNameRange     '2.4.7',
120 silly addNameRange     '2.5.0',
120 silly addNameRange     '2.5.1',
120 silly addNameRange     '2.5.2',
120 silly addNameRange     '2.5.3',
120 silly addNameRange     '2.5.4',
120 silly addNameRange     '2.5.5',
120 silly addNameRange     '2.5.6',
120 silly addNameRange     '2.5.7',
120 silly addNameRange     '2.5.8',
120 silly addNameRange     '2.5.9',
120 silly addNameRange     '2.5.10',
120 silly addNameRange     '2.5.11',
120 silly addNameRange     '3.0.0',
120 silly addNameRange     '3.0.1',
120 silly addNameRange     '3.0.2',
120 silly addNameRange     '3.0.3',
120 silly addNameRange     '3.0.4',
120 silly addNameRange     '3.0.5',
120 silly addNameRange     '3.0.6',
120 silly addNameRange     '3.1.0',
120 silly addNameRange     '3.1.1',
120 silly addNameRange     '3.1.2',
120 silly addNameRange     '3.2.0',
120 silly addNameRange     '3.2.1',
120 silly addNameRange     '3.2.2',
120 silly addNameRange     '3.2.3',
120 silly addNameRange     '3.2.4',
120 silly addNameRange     '3.2.5',
120 silly addNameRange     '3.2.6',
120 silly addNameRange     '3.3.0',
120 silly addNameRange     '3.3.1',
120 silly addNameRange     '3.3.2',
120 silly addNameRange     '3.3.3',
120 silly addNameRange     '3.3.4',
120 silly addNameRange     '3.3.5',
120 silly addNameRange     '3.3.6',
120 silly addNameRange     '1.0.0-beta',
120 silly addNameRange     '1.0.0-beta2',
120 silly addNameRange     '1.0.0-rc',
120 silly addNameRange     '1.0.0-rc2',
120 silly addNameRange     '1.0.0-rc3',
120 silly addNameRange     '1.0.0-rc4',
120 silly addNameRange     '2.0.0-beta',
120 silly addNameRange     '2.0.0-beta2',
120 silly addNameRange     '2.0.0-beta3',
120 silly addNameRange     '2.0.0-rc',
120 silly addNameRange     '2.0.0-rc2',
120 silly addNameRange     '2.0.0-rc3',
120 silly addNameRange     '3.0.0-alpha1',
120 silly addNameRange     '3.0.0-alpha2',
120 silly addNameRange     '3.0.0-alpha3',
120 silly addNameRange     '3.0.0-alpha4',
120 silly addNameRange     '3.0.0-alpha5',
120 silly addNameRange     '3.0.0-beta1',
120 silly addNameRange     '3.0.0-beta2',
120 silly addNameRange     '3.0.0-beta3',
120 silly addNameRange     '3.0.0-beta4',
120 silly addNameRange     '3.0.0-beta6',
120 silly addNameRange     '3.0.0-beta7',
120 silly addNameRange     '3.0.0-rc1',
120 silly addNameRange     '3.0.0-rc2',
120 silly addNameRange     '3.0.0-rc3',
120 silly addNameRange     '3.0.0-rc4',
120 silly addNameRange     '3.0.0-rc5',
120 silly addNameRange     '3.3.7',
120 silly addNameRange     '3.3.8',
120 silly addNameRange     '3.4.0',
120 silly addNameRange     '3.4.1',
120 silly addNameRange     '3.4.2',
120 silly addNameRange     '3.4.3',
120 silly addNameRange     '3.4.4',
120 silly addNameRange     '3.4.5',
120 silly addNameRange     '3.4.6',
120 silly addNameRange     '3.4.7',
120 silly addNameRange     '3.4.8',
120 silly addNameRange     '4.0.0-rc1',
120 silly addNameRange     '4.0.0-rc2',
120 silly addNameRange     '3.5.0',
120 silly addNameRange     '4.0.0-rc3',
120 silly addNameRange     '4.0.0-rc4',
120 silly addNameRange     '3.5.1',
120 silly addNameRange     '4.0.0',
120 silly addNameRange     '3.5.2',
120 silly addNameRange     '4.1.0',
120 silly addNameRange     '4.1.1',
120 silly addNameRange     '3.5.3',
120 silly addNameRange     '4.1.2',
120 silly addNameRange     '3.6.0',
120 silly addNameRange     '4.2.0',
120 silly addNameRange     '3.7.0',
120 silly addNameRange     '3.8.0',
120 silly addNameRange     '4.3.0',
120 silly addNameRange     '4.3.1',
120 silly addNameRange     '3.8.1',
120 silly addNameRange     '4.3.2',
120 silly addNameRange     '3.9.0',
120 silly addNameRange     '4.4.0',
120 silly addNameRange     '4.4.1',
120 silly addNameRange     '3.10.0',
120 silly addNameRange     '3.10.1',
120 silly addNameRange     '3.10.2',
120 silly addNameRange     '3.10.3',
120 silly addNameRange     '3.10.4',
120 silly addNameRange     '4.4.2',
120 silly addNameRange     '3.10.5',
120 silly addNameRange     '4.4.3',
120 silly addNameRange     '3.11.0',
120 silly addNameRange     '4.4.4',
120 silly addNameRange     '3.12.0',
120 silly addNameRange     '3.12.1',
120 silly addNameRange     '4.4.5',
120 silly addNameRange     '3.13.0',
120 silly addNameRange     '4.5.0',
120 silly addNameRange     '4.5.1',
120 silly addNameRange     '3.14.0',
120 silly addNameRange     '4.6.0',
120 silly addNameRange     '4.6.1',
120 silly addNameRange     '3.15.0',
120 silly addNameRange     '4.7.0',
120 silly addNameRange     '3.15.1',
120 silly addNameRange     '4.7.1',
120 silly addNameRange     '3.15.2',
120 silly addNameRange     '4.7.2',
120 silly addNameRange     '4.7.3',
120 silly addNameRange     '3.15.3',
120 silly addNameRange     '4.7.4',
120 silly addNameRange     '3.16.0',
120 silly addNameRange     '4.8.0',
120 silly addNameRange     '3.16.1',
120 silly addNameRange     '4.8.1',
120 silly addNameRange     '3.16.2',
120 silly addNameRange     '4.8.2',
120 silly addNameRange     '3.16.3',
120 silly addNameRange     '3.16.4',
120 silly addNameRange     '4.8.3',
120 silly addNameRange     '3.16.5',
120 silly addNameRange     '3.16.6',
120 silly addNameRange     '4.8.4',
120 silly addNameRange     '3.16.7',
120 silly addNameRange     '4.8.5',
120 silly addNameRange     '3.16.8',
120 silly addNameRange     '4.8.6',
120 silly addNameRange     '3.16.9',
120 silly addNameRange     '4.8.7',
120 silly addNameRange     '3.16.10',
120 silly addNameRange     '4.8.8',
120 silly addNameRange     '3.17.0',
120 silly addNameRange     '3.17.1',
120 silly addNameRange     '4.9.0',
120 silly addNameRange     '3.17.2',
120 silly addNameRange     '4.9.1',
120 silly addNameRange     '4.9.2',
120 silly addNameRange     '3.17.3',
120 silly addNameRange     '4.9.3',
120 silly addNameRange     '3.17.4',
120 silly addNameRange     '4.9.4',
120 silly addNameRange     '3.17.5',
120 silly addNameRange     '4.9.5',
120 silly addNameRange     '3.17.6',
120 silly addNameRange     '3.17.7',
120 silly addNameRange     '4.9.6',
120 silly addNameRange     '4.9.7',
120 silly addNameRange     '3.17.8',
120 silly addNameRange     '4.9.8',
120 silly addNameRange     '3.18.0',
120 silly addNameRange     '3.18.1',
120 silly addNameRange     '4.10.0',
120 silly addNameRange     '3.18.2',
120 silly addNameRange     '4.10.1',
120 silly addNameRange     '5.0.0-alpha.1',
120 silly addNameRange     '3.18.3',
120 silly addNameRange     '4.10.2',
120 silly addNameRange     '3.18.4',
120 silly addNameRange     '4.10.3',
120 silly addNameRange     '4.10.4',
120 silly addNameRange     '4.10.5',
120 silly addNameRange     '3.18.5',
120 silly addNameRange     '3.18.6',
120 silly addNameRange     '4.10.6',
120 silly addNameRange     '4.10.7',
120 silly addNameRange     '3.19.0',
120 silly addNameRange     '4.10.8',
120 silly addNameRange     '4.11.0',
120 silly addNameRange     '3.19.1',
120 silly addNameRange     '4.11.1',
120 silly addNameRange     '3.19.2',
120 silly addNameRange     '4.11.2',
120 silly addNameRange     '3.20.0',
120 silly addNameRange     '4.12.0',
120 silly addNameRange     '3.20.1',
120 silly addNameRange     '4.12.1',
120 silly addNameRange     '4.12.2',
120 silly addNameRange     '3.20.2',
120 silly addNameRange     '4.12.3' ] ]
121 verbose addNamed [ 'express', '4.12.3' ]
122 verbose addNamed [ '4.12.3', '4.12.3' ]
123 silly lockFile 0b3fc563-express-4-12-3 express@4.12.3
124 verbose lock express@4.12.3 C:\Users\5013504896\AppData\Roaming\npm-cache\0b3fc563-express-4-12-3.lock
125 silly lockFile 0b3fc563-express-4-12-3 express@4.12.3
126 silly lockFile 0b3fc563-express-4-12-3 express@4.12.3
127 silly lockFile 4a9dd575-express-4-12-2 express@^4.12.2
128 silly lockFile 4a9dd575-express-4-12-2 express@^4.12.2
129 error notarget No compatible version found: path@'>=3.0.0-0 <4.0.0-0'
129 error notarget Valid install targets:
129 error notarget ["0.4.9","0.4.10","0.11.14"]
129 error notarget
129 error notarget This is most likely not a problem with npm itself.
129 error notarget In most cases you or one of your dependencies are requesting
129 error notarget a package version that doesn't exist.
130 error System Windows_NT 6.1.7601
131 error command "C:\\Program Files\\nodejs\\\\node.exe" "C:\\Program Files\\nodejs\\node_modules\\npm\\bin\\npm-cli.js" "install"
132 error cwd D:\Git_Repo\Daisy
133 error node -v v0.10.33
134 error npm -v 1.4.28
135 error code ETARGET
136 verbose exit [ 1, true ]
